TN:
SF:src/main.rs
FN:193,short::check_indices
FN:421,short::main
FN:202,short::find_best_encoding
FN:211,short::swap
FN:178,short::decode_header
FN:193,short::check_indices
FN:215,short::shoco_compress
FN:202,short::find_best_encoding
FN:419,short::main
FN:178,short::decode_header
FN:348,short::shoco_decompress
FN:349,short::shoco_decompress
FN:211,short::swap
FN:215,short::shoco_compress
FNDA:0,short::check_indices
FNDA:1,short::main
FNDA:0,short::find_best_encoding
FNDA:1,short::swap
FNDA:1,short::decode_header
FNDA:1,short::check_indices
FNDA:1,short::shoco_compress
FNDA:1,short::find_best_encoding
FNDA:0,short::main
FNDA:0,short::decode_header
FNDA:0,short::shoco_decompress
FNDA:1,short::shoco_decompress
FNDA:0,short::swap
FNDA:0,short::shoco_compress
FNF:14
FNH:7
BRF:0
BRH:0
DA:178,109
DA:179,109
DA:180,109
DA:181,150
DA:182,41
DA:183,41
DA:184,41
DA:185,109
DA:186,109
DA:193,39
DA:194,102
DA:195,102
DA:196,20
DA:197,82
DA:199,19
DA:200,39
DA:202,30
DA:203,71
DA:204,71
DA:205,19
DA:206,52
DA:208,11
DA:209,30
DA:211,38
DA:212,38
DA:213,38
DA:215,16
DA:216,16
DA:217,16
DA:218,16
DA:219,16
DA:220,16
DA:221,16
DA:222,16
DA:223,16
DA:224,16
DA:225,16
DA:226,16
DA:227,16
DA:229,129
DA:230,119
DA:231,3
DA:232,116
DA:233,116
DA:234,116
DA:235,116
DA:236,116
DA:238,27
DA:240,9
DA:241,1
DA:242,8
DA:243,8
DA:244,8
DA:247,18
DA:248,0
DA:249,18
DA:251,26
DA:252,26
DA:253,26
DA:254,26
DA:255,89
DA:256,89
DA:257,89
DA:258,175
DA:259,175
DA:260,175
DA:261,4
DA:262,171
DA:263,171
DA:264,171
DA:265,5
DA:266,166
DA:267,166
DA:268,166
DA:269,166
DA:270,39
DA:271,127
DA:272,127
DA:273,127
DA:274,127
DA:275,41
DA:276,86
DA:277,86
DA:278,86
DA:279,86
DA:281,89
DA:283,59
DA:285,0
DA:286,0
DA:287,0
DA:288,0
DA:289,0
DA:292,59
DA:293,2
DA:294,57
DA:296,57
DA:297,57
DA:298,57
DA:299,57
DA:300,30
DA:301,30
DA:302,30
DA:303,19
DA:304,0
DA:305,19
DA:306,19
DA:307,19
DA:308,76
DA:309,76
DA:310,76
DA:315,19
DA:316,19
DA:319,0
DA:320,38
DA:321,38
DA:322,38
DA:323,19
DA:324,19
DA:326,0
DA:327,11
DA:328,0
DA:329,0
DA:330,0
DA:331,0
DA:332,0
DA:333,0
DA:335,0
DA:336,11
DA:337,0
DA:338,11
DA:339,0
DA:340,11
DA:341,11
DA:342,11
DA:345,0
DA:346,13
DA:347,16
DA:348,0
DA:349,8
DA:350,8
DA:351,8
DA:352,8
DA:353,8
DA:354,8
DA:355,8
DA:356,8
DA:357,8
DA:358,8
DA:359,0
DA:360,113
DA:361,109
DA:362,109
DA:363,89
DA:364,2
DA:365,87
DA:366,87
DA:367,87
DA:368,87
DA:369,9
DA:370,9
DA:371,1
DA:372,8
DA:373,78
DA:374,0
DA:375,86
DA:376,86
DA:377,86
DA:378,0
DA:379,20
DA:380,0
DA:381,0
DA:382,20
DA:383,1
DA:384,19
DA:385,0
DA:386,38
DA:387,38
DA:388,38
DA:389,19
DA:390,19
DA:391,19
DA:392,19
DA:393,19
DA:394,19
DA:395,19
DA:396,19
DA:397,0
DA:398,0
DA:399,57
DA:400,57
DA:401,57
DA:402,57
DA:403,57
DA:404,0
DA:405,57
DA:406,57
DA:407,0
DA:408,19
DA:409,19
DA:412,0
DA:413,0
DA:414,4
DA:415,3
DA:416,3
DA:417,0
DA:418,4
DA:419,8
DA:420,0
DA:421,1
DA:422,1
DA:423,1
DA:424,1
DA:425,1
DA:426,1
DA:427,1
DA:428,1
DA:429,1
DA:430,1
DA:431,1
DA:432,1
DA:433,1
DA:434,0
DA:435,1
DA:436,1
DA:437,0
DA:438,1
DA:439,1
DA:440,0
DA:441,1
DA:442,1
DA:443,1
DA:444,1
DA:445,0
DA:446,1
DA:447,1
DA:448,0
DA:449,1
DA:450,1
DA:451,0
DA:452,1
DA:453,1
DA:454,1
DA:455,1
DA:456,0
DA:457,1
DA:458,1
DA:459,1
DA:460,0
DA:461,1
DA:462,1
DA:463,1
DA:464,1
DA:465,0
DA:466,1
DA:467,1
DA:468,1
DA:469,1
DA:470,0
DA:471,1
DA:472,1
DA:473,1
DA:474,1
DA:475,0
DA:476,1
DA:477,1
DA:478,0
DA:479,1
DA:480,1
DA:481,0
DA:482,0
DA:483,1
DA:484,1
DA:485,1
DA:486,1
DA:487,1
DA:488,1
DA:489,1
DA:490,1
DA:492,0
DA:493,1
DA:495,1
DA:496,1
DA:497,0
DA:498,1
DA:499,1
DA:500,1
DA:501,1
DA:503,1
DA:504,1
DA:505,0
DA:506,1
DA:507,1
DA:508,1
DA:509,1
DA:510,1
DA:511,1
DA:512,1
DA:513,1
DA:514,1
DA:516,1
DA:517,1
DA:519,1
DA:520,1
DA:521,0
DA:522,0
DA:523,1
DA:524,1
DA:525,1
DA:526,1
DA:527,1
DA:529,1
DA:530,1
LF:312
LH:259
end_of_record
